[2022-07-03 08:12:34] production.ERROR: Argument 1 passed to "Symfony\Component\ErrorHandler\ErrorRenderer\HtmlErrorRenderer::__construct()" must be a boolean or a callable, "string" given. {"exception":"[object] (TypeError(code: 0): Argument 1 passed to \"Symfony\\Component\\ErrorHandler\\ErrorRenderer\\HtmlErrorRenderer::__construct()\" must be a boolean or a callable, \"string\" given. at /home/forkomdi/jobs.ciptawiratirta.com/vendor/symfony/error-handler/ErrorRenderer/HtmlErrorRenderer.php:53)
[stacktrace]
#0 /home/forkomdi/jobs.ciptawiratirta.com/vendor/laravel/framework/src/Illuminate/Foundation/Exceptions/Handler.php(552): Symfony\\Component\\ErrorHandler\\ErrorRenderer\\HtmlErrorRenderer->__construct('0')
#1 /home/forkomdi/jobs.ciptawiratirta.com/vendor/laravel/framework/src/Illuminate/Foundation/Exceptions/Handler.php(506): Illuminate\\Foundation\\Exceptions\\Handler->renderExceptionWithSymfony(Object(Symfony\\Component\\HttpKernel\\Exception\\MethodNotAllowedHttpException), '0')
#2 /home/forkomdi/jobs.ciptawiratirta.com/vendor/laravel/framework/src/Illuminate/Foundation/Exceptions/Handler.php(489): Illuminate\\Foundation\\Exceptions\\Handler->renderExceptionContent(Object(Symfony\\Component\\HttpKernel\\Exception\\MethodNotAllowedHttpException))
#3 /home/forkomdi/jobs.ciptawiratirta.com/vendor/laravel/framework/src/Illuminate/Foundation/Exceptions/Handler.php(574): Illuminate\\Foundation\\Exceptions\\Handler->convertExceptionToResponse(Object(Symfony\\Component\\HttpKernel\\Exception\\MethodNotAllowedHttpException))
#4 /home/forkomdi/jobs.ciptawiratirta.com/vendor/laravel/framework/src/Illuminate/Foundation/Exceptions/Handler.php(476): Illuminate\\Foundation\\Exceptions\\Handler->renderHttpException(Object(Symfony\\Component\\HttpKernel\\Exception\\MethodNotAllowedHttpException))
#5 /home/forkomdi/jobs.ciptawiratirta.com/vendor/laravel/framework/src/Illuminate/Foundation/Exceptions/Handler.php(354): Illuminate\\Foundation\\Exceptions\\Handler->prepareResponse(Object(Illuminate\\Http\\Request), Object(Symfony\\Component\\HttpKernel\\Exception\\MethodNotAllowedHttpException))
#6 /home/forkomdi/jobs.ciptawiratirta.com/vendor/laravel/framework/src/Illuminate/Routing/Pipeline.php(51): Illuminate\\Foundation\\Exceptions\\Handler->render(Object(Illuminate\\Http\\Request), Object(Symfony\\Component\\HttpKernel\\Exception\\MethodNotAllowedHttpException))
#7 /home/forkomdi/jobs.ciptawiratirta.com/vendor/laravel/framework/src/Illuminate/Pipeline/Pipeline.php(130): Illuminate\\Routing\\Pipeline->handleException(Object(Illuminate\\Http\\Request), Object(Symfony\\Component\\HttpKernel\\Exception\\MethodNotAllowedHttpException))
#8 /home/forkomdi/jobs.ciptawiratirta.com/vendor/barryvdh/laravel-debugbar/src/Middleware/InjectDebugbar.php(60): Illuminate\\Pipeline\\Pipeline->Illuminate\\Pipeline\\{closure}(Object(Illuminate\\Http\\Request))
#9 /home/forkomdi/jobs.ciptawiratirta.com/vendor/laravel/framework/src/Illuminate/Pipeline/Pipeline.php(167): Barryvdh\\Debugbar\\Middleware\\InjectDebugbar->handle(Object(Illuminate\\Http\\Request), Object(Closure))
#10 /home/forkomdi/jobs.ciptawiratirta.com/app/Http/Middleware/RunUpdater.php(41): Illuminate\\Pipeline\\Pipeline->Illuminate\\Pipeline\\{closure}(Object(Illuminate\\Http\\Request))
#11 /home/forkomdi/jobs.ciptawiratirta.com/vendor/laravel/framework/src/Illuminate/Pipeline/Pipeline.php(167): App\\Http\\Middleware\\RunUpdater->handle(Object(Illuminate\\Http\\Request), Object(Closure))
#12 /home/forkomdi/jobs.ciptawiratirta.com/vendor/fideloper/proxy/src/TrustProxies.php(57): Illuminate\\Pipeline\\Pipeline->Illuminate\\Pipeline\\{closure}(Object(Illuminate\\Http\\Request))
#13 /home/forkomdi/jobs.ciptawiratirta.com/vendor/laravel/framework/src/Illuminate/Pipeline/Pipeline.php(167): Fideloper\\Proxy\\TrustProxies->handle(Object(Illuminate\\Http\\Request), Object(Closure))
#14 /home/forkomdi/jobs.ciptawiratirta.com/vendor/laravel/framework/src/Illuminate/Foundation/Http/Middleware/TransformsRequest.php(21): Illuminate\\Pipeline\\Pipeline->Illuminate\\Pipeline\\{closure}(Object(Illuminate\\Http\\Request))
#15 /home/forkomdi/jobs.ciptawiratirta.com/vendor/laravel/framework/src/Illuminate/Foundation/Http/Middleware/ConvertEmptyStringsToNull.php(31): Illuminate\\Foundation\\Http\\Middleware\\TransformsRequest->handle(Object(Illuminate\\Http\\Request), Object(Closure))
#16 /home/forkomdi/jobs.ciptawiratirta.com/vendor/laravel/framework/src/Illuminate/Pipeline/Pipeline.php(167): Illuminate\\Foundation\\Http\\Middleware\\ConvertEmptyStringsToNull->handle(Object(Illuminate\\Http\\Request), Object(Closure))
#17 /home/forkomdi/jobs.ciptawiratirta.com/vendor/laravel/framework/src/Illuminate/Foundation/Http/Middleware/TransformsRequest.php(21): Illuminate\\Pipeline\\Pipeline->Illuminate\\Pipeline\\{closure}(Object(Illuminate\\Http\\Request))
#18 /home/forkomdi/jobs.ciptawiratirta.com/vendor/laravel/framework/src/Illuminate/Foundation/Http/Middleware/TrimStrings.php(40): Illuminate\\Foundation\\Http\\Middleware\\TransformsRequest->handle(Object(Illuminate\\Http\\Request), Object(Closure))
#19 /home/forkomdi/jobs.ciptawiratirta.com/vendor/laravel/framework/src/Illuminate/Pipeline/Pipeline.php(167): Illuminate\\Foundation\\Http\\Middleware\\TrimStrings->handle(Object(Illuminate\\Http\\Request), Object(Closure))
#20 /home/forkomdi/jobs.ciptawiratirta.com/vendor/laravel/framework/src/Illuminate/Foundation/Http/Middleware/ValidatePostSize.php(27): Illuminate\\Pipeline\\Pipeline->Illuminate\\Pipeline\\{closure}(Object(Illuminate\\Http\\Request))
#21 /home/forkomdi/jobs.ciptawiratirta.com/vendor/laravel/framework/src/Illuminate/Pipeline/Pipeline.php(167): Illuminate\\Foundation\\Http\\Middleware\\ValidatePostSize->handle(Object(Illuminate\\Http\\Request), Object(Closure))
#22 /home/forkomdi/jobs.ciptawiratirta.com/vendor/laravel/framework/src/Illuminate/Foundation/Http/Middleware/PreventRequestsDuringMaintenance.php(86): Illuminate\\Pipeline\\Pipeline->Illuminate\\Pipeline\\{closure}(Object(Illuminate\\Http\\Request))
#23 /home/forkomdi/jobs.ciptawiratirta.com/vendor/laravel/framework/src/Illuminate/Pipeline/Pipeline.php(167): Illuminate\\Foundation\\Http\\Middleware\\PreventRequestsDuringMaintenance->handle(Object(Illuminate\\Http\\Request), Object(Closure))
#24 /home/forkomdi/jobs.ciptawiratirta.com/app/Http/Middleware/RedirectToInstaller.php(32): Illuminate\\Pipeline\\Pipeline->Illuminate\\Pipeline\\{closure}(Object(Illuminate\\Http\\Request))
#25 /home/forkomdi/jobs.ciptawiratirta.com/vendor/laravel/framework/src/Illuminate/Pipeline/Pipeline.php(167): App\\Http\\Middleware\\RedirectToInstaller->handle(Object(Illuminate\\Http\\Request), Object(Closure))
#26 /home/forkomdi/jobs.ciptawiratirta.com/vendor/laravel/framework/src/Illuminate/Pipeline/Pipeline.php(103): Illuminate\\Pipeline\\Pipeline->Illuminate\\Pipeline\\{closure}(Object(Illuminate\\Http\\Request))
#27 /home/forkomdi/jobs.ciptawiratirta.com/vendor/laravel/framework/src/Illuminate/Foundation/Http/Kernel.php(141): Illuminate\\Pipeline\\Pipeline->then(Object(Closure))
#28 /home/forkomdi/jobs.ciptawiratirta.com/vendor/laravel/framework/src/Illuminate/Foundation/Http/Kernel.php(110): Illuminate\\Foundation\\Http\\Kernel->sendRequestThroughRouter(Object(Illuminate\\Http\\Request))
#29 /home/forkomdi/jobs.ciptawiratirta.com/public/index.php(66): Illuminate\\Foundation\\Http\\Kernel->handle(Object(Illuminate\\Http\\Request))
#30 {main}
"} 
[2022-07-03 08:12:34] production.ERROR: Argument 1 passed to "Symfony\Component\ErrorHandler\ErrorRenderer\HtmlErrorRenderer::__construct()" must be a boolean or a callable, "string" given. {"exception":"[object] (TypeError(code: 0): Argument 1 passed to \"Symfony\\Component\\ErrorHandler\\ErrorRenderer\\HtmlErrorRenderer::__construct()\" must be a boolean or a callable, \"string\" given. at /home/forkomdi/jobs.ciptawiratirta.com/vendor/symfony/error-handler/ErrorRenderer/HtmlErrorRenderer.php:53)
[stacktrace]
#0 /home/forkomdi/jobs.ciptawiratirta.com/vendor/laravel/framework/src/Illuminate/Foundation/Exceptions/Handler.php(552): Symfony\\Component\\ErrorHandler\\ErrorRenderer\\HtmlErrorRenderer->__construct('0')
#1 /home/forkomdi/jobs.ciptawiratirta.com/vendor/laravel/framework/src/Illuminate/Foundation/Exceptions/Handler.php(506): Illuminate\\Foundation\\Exceptions\\Handler->renderExceptionWithSymfony(Object(Symfony\\Component\\HttpKernel\\Exception\\MethodNotAllowedHttpException), '0')
#2 /home/forkomdi/jobs.ciptawiratirta.com/vendor/laravel/framework/src/Illuminate/Foundation/Exceptions/Handler.php(489): Illuminate\\Foundation\\Exceptions\\Handler->renderExceptionContent(Object(Symfony\\Component\\HttpKernel\\Exception\\MethodNotAllowedHttpException))
#3 /home/forkomdi/jobs.ciptawiratirta.com/vendor/laravel/framework/src/Illuminate/Foundation/Exceptions/Handler.php(574): Illuminate\\Foundation\\Exceptions\\Handler->convertExceptionToResponse(Object(Symfony\\Component\\HttpKernel\\Exception\\MethodNotAllowedHttpException))
#4 /home/forkomdi/jobs.ciptawiratirta.com/vendor/laravel/framework/src/Illuminate/Foundation/Exceptions/Handler.php(476): Illuminate\\Foundation\\Exceptions\\Handler->renderHttpException(Object(Symfony\\Component\\HttpKernel\\Exception\\MethodNotAllowedHttpException))
#5 /home/forkomdi/jobs.ciptawiratirta.com/vendor/laravel/framework/src/Illuminate/Foundation/Exceptions/Handler.php(354): Illuminate\\Foundation\\Exceptions\\Handler->prepareResponse(Object(Illuminate\\Http\\Request), Object(Symfony\\Component\\HttpKernel\\Exception\\MethodNotAllowedHttpException))
#6 /home/forkomdi/jobs.ciptawiratirta.com/vendor/laravel/framework/src/Illuminate/Routing/Pipeline.php(51): Illuminate\\Foundation\\Exceptions\\Handler->render(Object(Illuminate\\Http\\Request), Object(Symfony\\Component\\HttpKernel\\Exception\\MethodNotAllowedHttpException))
#7 /home/forkomdi/jobs.ciptawiratirta.com/vendor/laravel/framework/src/Illuminate/Pipeline/Pipeline.php(130): Illuminate\\Routing\\Pipeline->handleException(Object(Illuminate\\Http\\Request), Object(Symfony\\Component\\HttpKernel\\Exception\\MethodNotAllowedHttpException))
#8 /home/forkomdi/jobs.ciptawiratirta.com/vendor/barryvdh/laravel-debugbar/src/Middleware/InjectDebugbar.php(60): Illuminate\\Pipeline\\Pipeline->Illuminate\\Pipeline\\{closure}(Object(Illuminate\\Http\\Request))
#9 /home/forkomdi/jobs.ciptawiratirta.com/vendor/laravel/framework/src/Illuminate/Pipeline/Pipeline.php(167): Barryvdh\\Debugbar\\Middleware\\InjectDebugbar->handle(Object(Illuminate\\Http\\Request), Object(Closure))
#10 /home/forkomdi/jobs.ciptawiratirta.com/app/Http/Middleware/RunUpdater.php(41): Illuminate\\Pipeline\\Pipeline->Illuminate\\Pipeline\\{closure}(Object(Illuminate\\Http\\Request))
#11 /home/forkomdi/jobs.ciptawiratirta.com/vendor/laravel/framework/src/Illuminate/Pipeline/Pipeline.php(167): App\\Http\\Middleware\\RunUpdater->handle(Object(Illuminate\\Http\\Request), Object(Closure))
#12 /home/forkomdi/jobs.ciptawiratirta.com/vendor/fideloper/proxy/src/TrustProxies.php(57): Illuminate\\Pipeline\\Pipeline->Illuminate\\Pipeline\\{closure}(Object(Illuminate\\Http\\Request))
#13 /home/forkomdi/jobs.ciptawiratirta.com/vendor/laravel/framework/src/Illuminate/Pipeline/Pipeline.php(167): Fideloper\\Proxy\\TrustProxies->handle(Object(Illuminate\\Http\\Request), Object(Closure))
#14 /home/forkomdi/jobs.ciptawiratirta.com/vendor/laravel/framework/src/Illuminate/Foundation/Http/Middleware/TransformsRequest.php(21): Illuminate\\Pipeline\\Pipeline->Illuminate\\Pipeline\\{closure}(Object(Illuminate\\Http\\Request))
#15 /home/forkomdi/jobs.ciptawiratirta.com/vendor/laravel/framework/src/Illuminate/Foundation/Http/Middleware/ConvertEmptyStringsToNull.php(31): Illuminate\\Foundation\\Http\\Middleware\\TransformsRequest->handle(Object(Illuminate\\Http\\Request), Object(Closure))
#16 /home/forkomdi/jobs.ciptawiratirta.com/vendor/laravel/framework/src/Illuminate/Pipeline/Pipeline.php(167): Illuminate\\Foundation\\Http\\Middleware\\ConvertEmptyStringsToNull->handle(Object(Illuminate\\Http\\Request), Object(Closure))
#17 /home/forkomdi/jobs.ciptawiratirta.com/vendor/laravel/framework/src/Illuminate/Foundation/Http/Middleware/TransformsRequest.php(21): Illuminate\\Pipeline\\Pipeline->Illuminate\\Pipeline\\{closure}(Object(Illuminate\\Http\\Request))
#18 /home/forkomdi/jobs.ciptawiratirta.com/vendor/laravel/framework/src/Illuminate/Foundation/Http/Middleware/TrimStrings.php(40): Illuminate\\Foundation\\Http\\Middleware\\TransformsRequest->handle(Object(Illuminate\\Http\\Request), Object(Closure))
#19 /home/forkomdi/jobs.ciptawiratirta.com/vendor/laravel/framework/src/Illuminate/Pipeline/Pipeline.php(167): Illuminate\\Foundation\\Http\\Middleware\\TrimStrings->handle(Object(Illuminate\\Http\\Request), Object(Closure))
#20 /home/forkomdi/jobs.ciptawiratirta.com/vendor/laravel/framework/src/Illuminate/Foundation/Http/Middleware/ValidatePostSize.php(27): Illuminate\\Pipeline\\Pipeline->Illuminate\\Pipeline\\{closure}(Object(Illuminate\\Http\\Request))
#21 /home/forkomdi/jobs.ciptawiratirta.com/vendor/laravel/framework/src/Illuminate/Pipeline/Pipeline.php(167): Illuminate\\Foundation\\Http\\Middleware\\ValidatePostSize->handle(Object(Illuminate\\Http\\Request), Object(Closure))
#22 /home/forkomdi/jobs.ciptawiratirta.com/vendor/laravel/framework/src/Illuminate/Foundation/Http/Middleware/PreventRequestsDuringMaintenance.php(86): Illuminate\\Pipeline\\Pipeline->Illuminate\\Pipeline\\{closure}(Object(Illuminate\\Http\\Request))
#23 /home/forkomdi/jobs.ciptawiratirta.com/vendor/laravel/framework/src/Illuminate/Pipeline/Pipeline.php(167): Illuminate\\Foundation\\Http\\Middleware\\PreventRequestsDuringMaintenance->handle(Object(Illuminate\\Http\\Request), Object(Closure))
#24 /home/forkomdi/jobs.ciptawiratirta.com/app/Http/Middleware/RedirectToInstaller.php(32): Illuminate\\Pipeline\\Pipeline->Illuminate\\Pipeline\\{closure}(Object(Illuminate\\Http\\Request))
#25 /home/forkomdi/jobs.ciptawiratirta.com/vendor/laravel/framework/src/Illuminate/Pipeline/Pipeline.php(167): App\\Http\\Middleware\\RedirectToInstaller->handle(Object(Illuminate\\Http\\Request), Object(Closure))
#26 /home/forkomdi/jobs.ciptawiratirta.com/vendor/laravel/framework/src/Illuminate/Pipeline/Pipeline.php(103): Illuminate\\Pipeline\\Pipeline->Illuminate\\Pipeline\\{closure}(Object(Illuminate\\Http\\Request))
#27 /home/forkomdi/jobs.ciptawiratirta.com/vendor/laravel/framework/src/Illuminate/Foundation/Http/Kernel.php(141): Illuminate\\Pipeline\\Pipeline->then(Object(Closure))
#28 /home/forkomdi/jobs.ciptawiratirta.com/vendor/laravel/framework/src/Illuminate/Foundation/Http/Kernel.php(110): Illuminate\\Foundation\\Http\\Kernel->sendRequestThroughRouter(Object(Illuminate\\Http\\Request))
#29 /home/forkomdi/jobs.ciptawiratirta.com/public/index.php(66): Illuminate\\Foundation\\Http\\Kernel->handle(Object(Illuminate\\Http\\Request))
#30 {main}
"} 
[2022-07-03 08:12:37] production.ERROR: Argument 1 passed to "Symfony\Component\ErrorHandler\ErrorRenderer\HtmlErrorRenderer::__construct()" must be a boolean or a callable, "string" given. {"exception":"[object] (TypeError(code: 0): Argument 1 passed to \"Symfony\\Component\\ErrorHandler\\ErrorRenderer\\HtmlErrorRenderer::__construct()\" must be a boolean or a callable, \"string\" given. at /home/forkomdi/jobs.ciptawiratirta.com/vendor/symfony/error-handler/ErrorRenderer/HtmlErrorRenderer.php:53)
[stacktrace]
#0 /home/forkomdi/jobs.ciptawiratirta.com/vendor/laravel/framework/src/Illuminate/Foundation/Exceptions/Handler.php(552): Symfony\\Component\\ErrorHandler\\ErrorRenderer\\HtmlErrorRenderer->__construct('0')
#1 /home/forkomdi/jobs.ciptawiratirta.com/vendor/laravel/framework/src/Illuminate/Foundation/Exceptions/Handler.php(506): Illuminate\\Foundation\\Exceptions\\Handler->renderExceptionWithSymfony(Object(Symfony\\Component\\HttpKernel\\Exception\\MethodNotAllowedHttpException), '0')
#2 /home/forkomdi/jobs.ciptawiratirta.com/vendor/laravel/framework/src/Illuminate/Foundation/Exceptions/Handler.php(489): Illuminate\\Foundation\\Exceptions\\Handler->renderExceptionContent(Object(Symfony\\Component\\HttpKernel\\Exception\\MethodNotAllowedHttpException))
#3 /home/forkomdi/jobs.ciptawiratirta.com/vendor/laravel/framework/src/Illuminate/Foundation/Exceptions/Handler.php(574): Illuminate\\Foundation\\Exceptions\\Handler->convertExceptionToResponse(Object(Symfony\\Component\\HttpKernel\\Exception\\MethodNotAllowedHttpException))
#4 /home/forkomdi/jobs.ciptawiratirta.com/vendor/laravel/framework/src/Illuminate/Foundation/Exceptions/Handler.php(476): Illuminate\\Foundation\\Exceptions\\Handler->renderHttpException(Object(Symfony\\Component\\HttpKernel\\Exception\\MethodNotAllowedHttpException))
#5 /home/forkomdi/jobs.ciptawiratirta.com/vendor/laravel/framework/src/Illuminate/Foundation/Exceptions/Handler.php(354): Illuminate\\Foundation\\Exceptions\\Handler->prepareResponse(Object(Illuminate\\Http\\Request), Object(Symfony\\Component\\HttpKernel\\Exception\\MethodNotAllowedHttpException))
#6 /home/forkomdi/jobs.ciptawiratirta.com/vendor/laravel/framework/src/Illuminate/Routing/Pipeline.php(51): Illuminate\\Foundation\\Exceptions\\Handler->render(Object(Illuminate\\Http\\Request), Object(Symfony\\Component\\HttpKernel\\Exception\\MethodNotAllowedHttpException))
#7 /home/forkomdi/jobs.ciptawiratirta.com/vendor/laravel/framework/src/Illuminate/Pipeline/Pipeline.php(130): Illuminate\\Routing\\Pipeline->handleException(Object(Illuminate\\Http\\Request), Object(Symfony\\Component\\HttpKernel\\Exception\\MethodNotAllowedHttpException))
#8 /home/forkomdi/jobs.ciptawiratirta.com/vendor/barryvdh/laravel-debugbar/src/Middleware/InjectDebugbar.php(60): Illuminate\\Pipeline\\Pipeline->Illuminate\\Pipeline\\{closure}(Object(Illuminate\\Http\\Request))
#9 /home/forkomdi/jobs.ciptawiratirta.com/vendor/laravel/framework/src/Illuminate/Pipeline/Pipeline.php(167): Barryvdh\\Debugbar\\Middleware\\InjectDebugbar->handle(Object(Illuminate\\Http\\Request), Object(Closure))
#10 /home/forkomdi/jobs.ciptawiratirta.com/app/Http/Middleware/RunUpdater.php(41): Illuminate\\Pipeline\\Pipeline->Illuminate\\Pipeline\\{closure}(Object(Illuminate\\Http\\Request))
#11 /home/forkomdi/jobs.ciptawiratirta.com/vendor/laravel/framework/src/Illuminate/Pipeline/Pipeline.php(167): App\\Http\\Middleware\\RunUpdater->handle(Object(Illuminate\\Http\\Request), Object(Closure))
#12 /home/forkomdi/jobs.ciptawiratirta.com/vendor/fideloper/proxy/src/TrustProxies.php(57): Illuminate\\Pipeline\\Pipeline->Illuminate\\Pipeline\\{closure}(Object(Illuminate\\Http\\Request))
#13 /home/forkomdi/jobs.ciptawiratirta.com/vendor/laravel/framework/src/Illuminate/Pipeline/Pipeline.php(167): Fideloper\\Proxy\\TrustProxies->handle(Object(Illuminate\\Http\\Request), Object(Closure))
#14 /home/forkomdi/jobs.ciptawiratirta.com/vendor/laravel/framework/src/Illuminate/Foundation/Http/Middleware/TransformsRequest.php(21): Illuminate\\Pipeline\\Pipeline->Illuminate\\Pipeline\\{closure}(Object(Illuminate\\Http\\Request))
#15 /home/forkomdi/jobs.ciptawiratirta.com/vendor/laravel/framework/src/Illuminate/Foundation/Http/Middleware/ConvertEmptyStringsToNull.php(31): Illuminate\\Foundation\\Http\\Middleware\\TransformsRequest->handle(Object(Illuminate\\Http\\Request), Object(Closure))
#16 /home/forkomdi/jobs.ciptawiratirta.com/vendor/laravel/framework/src/Illuminate/Pipeline/Pipeline.php(167): Illuminate\\Foundation\\Http\\Middleware\\ConvertEmptyStringsToNull->handle(Object(Illuminate\\Http\\Request), Object(Closure))
#17 /home/forkomdi/jobs.ciptawiratirta.com/vendor/laravel/framework/src/Illuminate/Foundation/Http/Middleware/TransformsRequest.php(21): Illuminate\\Pipeline\\Pipeline->Illuminate\\Pipeline\\{closure}(Object(Illuminate\\Http\\Request))
#18 /home/forkomdi/jobs.ciptawiratirta.com/vendor/laravel/framework/src/Illuminate/Foundation/Http/Middleware/TrimStrings.php(40): Illuminate\\Foundation\\Http\\Middleware\\TransformsRequest->handle(Object(Illuminate\\Http\\Request), Object(Closure))
#19 /home/forkomdi/jobs.ciptawiratirta.com/vendor/laravel/framework/src/Illuminate/Pipeline/Pipeline.php(167): Illuminate\\Foundation\\Http\\Middleware\\TrimStrings->handle(Object(Illuminate\\Http\\Request), Object(Closure))
#20 /home/forkomdi/jobs.ciptawiratirta.com/vendor/laravel/framework/src/Illuminate/Foundation/Http/Middleware/ValidatePostSize.php(27): Illuminate\\Pipeline\\Pipeline->Illuminate\\Pipeline\\{closure}(Object(Illuminate\\Http\\Request))
#21 /home/forkomdi/jobs.ciptawiratirta.com/vendor/laravel/framework/src/Illuminate/Pipeline/Pipeline.php(167): Illuminate\\Foundation\\Http\\Middleware\\ValidatePostSize->handle(Object(Illuminate\\Http\\Request), Object(Closure))
#22 /home/forkomdi/jobs.ciptawiratirta.com/vendor/laravel/framework/src/Illuminate/Foundation/Http/Middleware/PreventRequestsDuringMaintenance.php(86): Illuminate\\Pipeline\\Pipeline->Illuminate\\Pipeline\\{closure}(Object(Illuminate\\Http\\Request))
#23 /home/forkomdi/jobs.ciptawiratirta.com/vendor/laravel/framework/src/Illuminate/Pipeline/Pipeline.php(167): Illuminate\\Foundation\\Http\\Middleware\\PreventRequestsDuringMaintenance->handle(Object(Illuminate\\Http\\Request), Object(Closure))
#24 /home/forkomdi/jobs.ciptawiratirta.com/app/Http/Middleware/RedirectToInstaller.php(32): Illuminate\\Pipeline\\Pipeline->Illuminate\\Pipeline\\{closure}(Object(Illuminate\\Http\\Request))
#25 /home/forkomdi/jobs.ciptawiratirta.com/vendor/laravel/framework/src/Illuminate/Pipeline/Pipeline.php(167): App\\Http\\Middleware\\RedirectToInstaller->handle(Object(Illuminate\\Http\\Request), Object(Closure))
#26 /home/forkomdi/jobs.ciptawiratirta.com/vendor/laravel/framework/src/Illuminate/Pipeline/Pipeline.php(103): Illuminate\\Pipeline\\Pipeline->Illuminate\\Pipeline\\{closure}(Object(Illuminate\\Http\\Request))
#27 /home/forkomdi/jobs.ciptawiratirta.com/vendor/laravel/framework/src/Illuminate/Foundation/Http/Kernel.php(141): Illuminate\\Pipeline\\Pipeline->then(Object(Closure))
#28 /home/forkomdi/jobs.ciptawiratirta.com/vendor/laravel/framework/src/Illuminate/Foundation/Http/Kernel.php(110): Illuminate\\Foundation\\Http\\Kernel->sendRequestThroughRouter(Object(Illuminate\\Http\\Request))
#29 /home/forkomdi/jobs.ciptawiratirta.com/public/index.php(66): Illuminate\\Foundation\\Http\\Kernel->handle(Object(Illuminate\\Http\\Request))
#30 {main}
"} 
[2022-07-03 16:33:03] production.ERROR: SQLSTATE[42S22]: Column not found: 1054 Unknown column 'business_name' in 'field list' (SQL: select `business_name`, `first_name`, `last_name`, `email`, `phone`, `address`, `address2`, `city`, `state`, `country`, `zip_code`, `status` from `users` where `users`.`deleted_at` is null) {"userId":1,"exception":"[object] (Illuminate\\Database\\QueryException(code: 42S22): SQLSTATE[42S22]: Column not found: 1054 Unknown column 'business_name' in 'field list' (SQL: select `business_name`, `first_name`, `last_name`, `email`, `phone`, `address`, `address2`, `city`, `state`, `country`, `zip_code`, `status` from `users` where `users`.`deleted_at` is null) at /home/forkomdi/jobs.ciptawiratirta.com/vendor/laravel/framework/src/Illuminate/Database/Connection.php:678)
[stacktrace]
#0 /home/forkomdi/jobs.ciptawiratirta.com/vendor/laravel/framework/src/Illuminate/Database/Connection.php(638): Illuminate\\Database\\Connection->runQueryCallback('select `busines...', Array, Object(Closure))
#1 /home/forkomdi/jobs.ciptawiratirta.com/vendor/laravel/framework/src/Illuminate/Database/Connection.php(346): Illuminate\\Database\\Connection->run('select `busines...', Array, Object(Closure))
#2 /home/forkomdi/jobs.ciptawiratirta.com/vendor/laravel/framework/src/Illuminate/Database/Query/Builder.php(2315): Illuminate\\Database\\Connection->select('select `busines...', Array, true)
#3 /home/forkomdi/jobs.ciptawiratirta.com/vendor/laravel/framework/src/Illuminate/Database/Query/Builder.php(2303): Illuminate\\Database\\Query\\Builder->runSelect()
#4 /home/forkomdi/jobs.ciptawiratirta.com/vendor/laravel/framework/src/Illuminate/Database/Query/Builder.php(2867): Illuminate\\Database\\Query\\Builder->Illuminate\\Database\\Query\\{closure}()
#5 /home/forkomdi/jobs.ciptawiratirta.com/vendor/laravel/framework/src/Illuminate/Database/Query/Builder.php(2304): Illuminate\\Database\\Query\\Builder->onceWithColumns(Array, Object(Closure))
#6 /home/forkomdi/jobs.ciptawiratirta.com/vendor/laravel/framework/src/Illuminate/Database/Eloquent/Builder.php(598): Illuminate\\Database\\Query\\Builder->get(Array)
#7 /home/forkomdi/jobs.ciptawiratirta.com/vendor/laravel/framework/src/Illuminate/Database/Eloquent/Builder.php(582): Illuminate\\Database\\Eloquent\\Builder->getModels(Array)
#8 /home/forkomdi/jobs.ciptawiratirta.com/modules/User/Exports/UserExport.php(29): Illuminate\\Database\\Eloquent\\Builder->get()
#9 /home/forkomdi/jobs.ciptawiratirta.com/vendor/maatwebsite/excel/src/Sheet.php(471): Modules\\User\\Exports\\UserExport->collection()
#10 /home/forkomdi/jobs.ciptawiratirta.com/vendor/maatwebsite/excel/src/Sheet.php(221): Maatwebsite\\Excel\\Sheet->fromCollection(Object(Modules\\User\\Exports\\UserExport))
#11 /home/forkomdi/jobs.ciptawiratirta.com/vendor/maatwebsite/excel/src/Writer.php(67): Maatwebsite\\Excel\\Sheet->export(Object(Modules\\User\\Exports\\UserExport))
#12 /home/forkomdi/jobs.ciptawiratirta.com/vendor/maatwebsite/excel/src/Excel.php(195): Maatwebsite\\Excel\\Writer->export(Object(Modules\\User\\Exports\\UserExport), 'Xlsx')
#13 /home/forkomdi/jobs.ciptawiratirta.com/vendor/maatwebsite/excel/src/Excel.php(84): Maatwebsite\\Excel\\Excel->export(Object(Modules\\User\\Exports\\UserExport), 'user-Jul-03-202...', 'Xlsx')
#14 /home/forkomdi/jobs.ciptawiratirta.com/vendor/maatwebsite/excel/src/Concerns/Exportable.php(30): Maatwebsite\\Excel\\Excel->download(Object(Modules\\User\\Exports\\UserExport), 'user-Jul-03-202...', NULL, Array)
#15 /home/forkomdi/jobs.ciptawiratirta.com/modules/User/Admin/UserController.php(481): Modules\\User\\Exports\\UserExport->download('user-Jul-03-202...')
#16 /home/forkomdi/jobs.ciptawiratirta.com/vendor/laravel/framework/src/Illuminate/Routing/Controller.php(54): Modules\\User\\Admin\\UserController->export()
#17 /home/forkomdi/jobs.ciptawiratirta.com/vendor/laravel/framework/src/Illuminate/Routing/ControllerDispatcher.php(45): Illuminate\\Routing\\Controller->callAction('export', Array)
#18 /home/forkomdi/jobs.ciptawiratirta.com/vendor/laravel/framework/src/Illuminate/Routing/Route.php(254): Illuminate\\Routing\\ControllerDispatcher->dispatch(Object(Illuminate\\Routing\\Route), Object(Modules\\User\\Admin\\UserController), 'export')
#19 /home/forkomdi/jobs.ciptawiratirta.com/vendor/laravel/framework/src/Illuminate/Routing/Route.php(197): Illuminate\\Routing\\Route->runController()
#20 /home/forkomdi/jobs.ciptawiratirta.com/vendor/laravel/framework/src/Illuminate/Routing/Router.php(695): Illuminate\\Routing\\Route->run()
#21 /home/forkomdi/jobs.ciptawiratirta.com/vendor/laravel/framework/src/Illuminate/Pipeline/Pipeline.php(128): Illuminate\\Routing\\Router->Illuminate\\Routing\\{closure}(Object(Illuminate\\Http\\Request))
#22 /home/forkomdi/jobs.ciptawiratirta.com/app/Http/Middleware/EnsureEmailIsVerified.php(33): Illuminate\\Pipeline\\Pipeline->Illuminate\\Pipeline\\{closure}(Object(Illuminate\\Http\\Request))
#23 /home/forkomdi/jobs.ciptawiratirta.com/vendor/laravel/framework/src/Illuminate/Pipeline/Pipeline.php(167): App\\Http\\Middleware\\EnsureEmailIsVerified->handle(Object(Illuminate\\Http\\Request), Object(Closure))
#24 /home/forkomdi/jobs.ciptawiratirta.com/app/Http/Middleware/Dashboard.php(22): Illuminate\\Pipeline\\Pipeline->Illuminate\\Pipeline\\{closure}(Object(Illuminate\\Http\\Request))
#25 /home/forkomdi/jobs.ciptawiratirta.com/vendor/laravel/framework/src/Illuminate/Pipeline/Pipeline.php(167): App\\Http\\Middleware\\Dashboard->handle(Object(Illuminate\\Http\\Request), Object(Closure))
#26 /home/forkomdi/jobs.ciptawiratirta.com/app/Http/Middleware/SetLanguageForAdmin.php(37): Illuminate\\Pipeline\\Pipeline->Illuminate\\Pipeline\\{closure}(Object(Illuminate\\Http\\Request))
#27 /home/forkomdi/jobs.ciptawiratirta.com/vendor/laravel/framework/src/Illuminate/Pipeline/Pipeline.php(167): App\\Http\\Middleware\\SetLanguageForAdmin->handle(Object(Illuminate\\Http\\Request), Object(Closure))
#28 /home/forkomdi/jobs.ciptawiratirta.com/app/Http/Middleware/SetCurrentCurrency.php(48): Illuminate\\Pipeline\\Pipeline->Illuminate\\Pipeline\\{closure}(Object(Illuminate\\Http\\Request))
#29 /home/forkomdi/jobs.ciptawiratirta.com/vendor/laravel/framework/src/Illuminate/Pipeline/Pipeline.php(167): App\\Http\\Middleware\\SetCurrentCurrency->handle(Object(Illuminate\\Http\\Request), Object(Closure))
#30 /home/forkomdi/jobs.ciptawiratirta.com/app/Http/Middleware/HideDebugbar.php(25): Illuminate\\Pipeline\\Pipeline->Illuminate\\Pipeline\\{closure}(Object(Illuminate\\Http\\Request))
#31 /home/forkomdi/jobs.ciptawiratirta.com/vendor/laravel/framework/src/Illuminate/Pipeline/Pipeline.php(167): App\\Http\\Middleware\\HideDebugbar->handle(Object(Illuminate\\Http\\Request), Object(Closure))
#32 /home/forkomdi/jobs.ciptawiratirta.com/app/Http/Middleware/RedirectForMultiLanguage.php(58): Illuminate\\Pipeline\\Pipeline->Illuminate\\Pipeline\\{closure}(Object(Illuminate\\Http\\Request))
#33 /home/forkomdi/jobs.ciptawiratirta.com/vendor/laravel/framework/src/Illuminate/Pipeline/Pipeline.php(167): App\\Http\\Middleware\\RedirectForMultiLanguage->handle(Object(Illuminate\\Http\\Request), Object(Closure))
#34 /home/forkomdi/jobs.ciptawiratirta.com/vendor/laravel/framework/src/Illuminate/Routing/Middleware/SubstituteBindings.php(50): Illuminate\\Pipeline\\Pipeline->Illuminate\\Pipeline\\{closure}(Object(Illuminate\\Http\\Request))
#35 /home/forkomdi/jobs.ciptawiratirta.com/vendor/laravel/framework/src/Illuminate/Pipeline/Pipeline.php(167): Illuminate\\Routing\\Middleware\\SubstituteBindings->handle(Object(Illuminate\\Http\\Request), Object(Closure))
#36 /home/forkomdi/jobs.ciptawiratirta.com/app/Http/Middleware/Authenticate.php(44): Illuminate\\Pipeline\\Pipeline->Illuminate\\Pipeline\\{closure}(Object(Illuminate\\Http\\Request))
#37 /home/forkomdi/jobs.ciptawiratirta.com/vendor/laravel/framework/src/Illuminate/Pipeline/Pipeline.php(167): App\\Http\\Middleware\\Authenticate->handle(Object(Illuminate\\Http\\Request), Object(Closure))
#38 /home/forkomdi/jobs.ciptawiratirta.com/vendor/laravel/framework/src/Illuminate/Foundation/Http/Middleware/VerifyCsrfToken.php(78): Illuminate\\Pipeline\\Pipeline->Illuminate\\Pipeline\\{closure}(Object(Illuminate\\Http\\Request))
#39 /home/forkomdi/jobs.ciptawiratirta.com/vendor/laravel/framework/src/Illuminate/Pipeline/Pipeline.php(167): Illuminate\\Foundation\\Http\\Middleware\\VerifyCsrfToken->handle(Object(Illuminate\\Http\\Request), Object(Closure))
#40 /home/forkomdi/jobs.ciptawiratirta.com/vendor/laravel/framework/src/Illuminate/View/Middleware/ShareErrorsFromSession.php(49): Illuminate\\Pipeline\\Pipeline->Illuminate\\Pipeline\\{closure}(Object(Illuminate\\Http\\Request))
#41 /home/forkomdi/jobs.ciptawiratirta.com/vendor/laravel/framework/src/Illuminate/Pipeline/Pipeline.php(167): Illuminate\\View\\Middleware\\ShareErrorsFromSession->handle(Object(Illuminate\\Http\\Request), Object(Closure))
#42 /home/forkomdi/jobs.ciptawiratirta.com/vendor/laravel/framework/src/Illuminate/Session/Middleware/StartSession.php(121): Illuminate\\Pipeline\\Pipeline->Illuminate\\Pipeline\\{closure}(Object(Illuminate\\Http\\Request))
#43 /home/forkomdi/jobs.ciptawiratirta.com/vendor/laravel/framework/src/Illuminate/Session/Middleware/StartSession.php(64): Illuminate\\Session\\Middleware\\StartSession->handleStatefulRequest(Object(Illuminate\\Http\\Request), Object(Illuminate\\Session\\Store), Object(Closure))
#44 /home/forkomdi/jobs.ciptawiratirta.com/vendor/laravel/framework/src/Illuminate/Pipeline/Pipeline.php(167): Illuminate\\Session\\Middleware\\StartSession->handle(Object(Illuminate\\Http\\Request), Object(Closure))
#45 /home/forkomdi/jobs.ciptawiratirta.com/vendor/laravel/framework/src/Illuminate/Cookie/Middleware/AddQueuedCookiesToResponse.php(37): Illuminate\\Pipeline\\Pipeline->Illuminate\\Pipeline\\{closure}(Object(Illuminate\\Http\\Request))
#46 /home/forkomdi/jobs.ciptawiratirta.com/vendor/laravel/framework/src/Illuminate/Pipeline/Pipeline.php(167): Illuminate\\Cookie\\Middleware\\AddQueuedCookiesToResponse->handle(Object(Illuminate\\Http\\Request), Object(Closure))
#47 /home/forkomdi/jobs.ciptawiratirta.com/vendor/laravel/framework/src/Illuminate/Cookie/Middleware/EncryptCookies.php(67): Illuminate\\Pipeline\\Pipeline->Illuminate\\Pipeline\\{closure}(Object(Illuminate\\Http\\Request))
#48 /home/forkomdi/jobs.ciptawiratirta.com/vendor/laravel/framework/src/Illuminate/Pipeline/Pipeline.php(167): Illuminate\\Cookie\\Middleware\\EncryptCookies->handle(Object(Illuminate\\Http\\Request), Object(Closure))
#49 /home/forkomdi/jobs.ciptawiratirta.com/vendor/laravel/framework/src/Illuminate/Pipeline/Pipeline.php(103): Illuminate\\Pipeline\\Pipeline->Illuminate\\Pipeline\\{closure}(Object(Illuminate\\Http\\Request))
#50 /home/forkomdi/jobs.ciptawiratirta.com/vendor/laravel/framework/src/Illuminate/Routing/Router.php(697): Illuminate\\Pipeline\\Pipeline->then(Object(Closure))
#51 /home/forkomdi/jobs.ciptawiratirta.com/vendor/laravel/framework/src/Illuminate/Routing/Router.php(672): Illuminate\\Routing\\Router->runRouteWithinStack(Object(Illuminate\\Routing\\Route), Object(Illuminate\\Http\\Request))
#52 /home/forkomdi/jobs.ciptawiratirta.com/vendor/laravel/framework/src/Illuminate/Routing/Router.php(636): Illuminate\\Routing\\Router->runRoute(Object(Illuminate\\Http\\Request), Object(Illuminate\\Routing\\Route))
#53 /home/forkomdi/jobs.ciptawiratirta.com/vendor/laravel/framework/src/Illuminate/Routing/Router.php(625): Illuminate\\Routing\\Router->dispatchToRoute(Object(Illuminate\\Http\\Request))
#54 /home/forkomdi/jobs.ciptawiratirta.com/vendor/laravel/framework/src/Illuminate/Foundation/Http/Kernel.php(166): Illuminate\\Routing\\Router->dispatch(Object(Illuminate\\Http\\Request))
#55 /home/forkomdi/jobs.ciptawiratirta.com/vendor/laravel/framework/src/Illuminate/Pipeline/Pipeline.php(128): Illuminate\\Foundation\\Http\\Kernel->Illuminate\\Foundation\\Http\\{closure}(Object(Illuminate\\Http\\Request))
#56 /home/forkomdi/jobs.ciptawiratirta.com/vendor/barryvdh/laravel-debugbar/src/Middleware/InjectDebugbar.php(60): Illuminate\\Pipeline\\Pipeline->Illuminate\\Pipeline\\{closure}(Object(Illuminate\\Http\\Request))
#57 /home/forkomdi/jobs.ciptawiratirta.com/vendor/laravel/framework/src/Illuminate/Pipeline/Pipeline.php(167): Barryvdh\\Debugbar\\Middleware\\InjectDebugbar->handle(Object(Illuminate\\Http\\Request), Object(Closure))
#58 /home/forkomdi/jobs.ciptawiratirta.com/app/Http/Middleware/RunUpdater.php(41): Illuminate\\Pipeline\\Pipeline->Illuminate\\Pipeline\\{closure}(Object(Illuminate\\Http\\Request))
#59 /home/forkomdi/jobs.ciptawiratirta.com/vendor/laravel/framework/src/Illuminate/Pipeline/Pipeline.php(167): App\\Http\\Middleware\\RunUpdater->handle(Object(Illuminate\\Http\\Request), Object(Closure))
#60 /home/forkomdi/jobs.ciptawiratirta.com/vendor/fideloper/proxy/src/TrustProxies.php(57): Illuminate\\Pipeline\\Pipeline->Illuminate\\Pipeline\\{closure}(Object(Illuminate\\Http\\Request))
#61 /home/forkomdi/jobs.ciptawiratirta.com/vendor/laravel/framework/src/Illuminate/Pipeline/Pipeline.php(167): Fideloper\\Proxy\\TrustProxies->handle(Object(Illuminate\\Http\\Request), Object(Closure))
#62 /home/forkomdi/jobs.ciptawiratirta.com/vendor/laravel/framework/src/Illuminate/Foundation/Http/Middleware/TransformsRequest.php(21): Illuminate\\Pipeline\\Pipeline->Illuminate\\Pipeline\\{closure}(Object(Illuminate\\Http\\Request))
#63 /home/forkomdi/jobs.ciptawiratirta.com/vendor/laravel/framework/src/Illuminate/Foundation/Http/Middleware/ConvertEmptyStringsToNull.php(31): Illuminate\\Foundation\\Http\\Middleware\\TransformsRequest->handle(Object(Illuminate\\Http\\Request), Object(Closure))
#64 /home/forkomdi/jobs.ciptawiratirta.com/vendor/laravel/framework/src/Illuminate/Pipeline/Pipeline.php(167): Illuminate\\Foundation\\Http\\Middleware\\ConvertEmptyStringsToNull->handle(Object(Illuminate\\Http\\Request), Object(Closure))
#65 /home/forkomdi/jobs.ciptawiratirta.com/vendor/laravel/framework/src/Illuminate/Foundation/Http/Middleware/TransformsRequest.php(21): Illuminate\\Pipeline\\Pipeline->Illuminate\\Pipeline\\{closure}(Object(Illuminate\\Http\\Request))
#66 /home/forkomdi/jobs.ciptawiratirta.com/vendor/laravel/framework/src/Illuminate/Foundation/Http/Middleware/TrimStrings.php(40): Illuminate\\Foundation\\Http\\Middleware\\TransformsRequest->handle(Object(Illuminate\\Http\\Request), Object(Closure))
#67 /home/forkomdi/jobs.ciptawiratirta.com/vendor/laravel/framework/src/Illuminate/Pipeline/Pipeline.php(167): Illuminate\\Foundation\\Http\\Middleware\\TrimStrings->handle(Object(Illuminate\\Http\\Request), Object(Closure))
#68 /home/forkomdi/jobs.ciptawiratirta.com/vendor/laravel/framework/src/Illuminate/Foundation/Http/Middleware/ValidatePostSize.php(27): Illuminate\\Pipeline\\Pipeline->Illuminate\\Pipeline\\{closure}(Object(Illuminate\\Http\\Request))
#69 /home/forkomdi/jobs.ciptawiratirta.com/vendor/laravel/framework/src/Illuminate/Pipeline/Pipeline.php(167): Illuminate\\Foundation\\Http\\Middleware\\ValidatePostSize->handle(Object(Illuminate\\Http\\Request), Object(Closure))
#70 /home/forkomdi/jobs.ciptawiratirta.com/vendor/laravel/framework/src/Illuminate/Foundation/Http/Middleware/PreventRequestsDuringMaintenance.php(86): Illuminate\\Pipeline\\Pipeline->Illuminate\\Pipeline\\{closure}(Object(Illuminate\\Http\\Request))
#71 /home/forkomdi/jobs.ciptawiratirta.com/vendor/laravel/framework/src/Illuminate/Pipeline/Pipeline.php(167): Illuminate\\Foundation\\Http\\Middleware\\PreventRequestsDuringMaintenance->handle(Object(Illuminate\\Http\\Request), Object(Closure))
#72 /home/forkomdi/jobs.ciptawiratirta.com/app/Http/Middleware/RedirectToInstaller.php(32): Illuminate\\Pipeline\\Pipeline->Illuminate\\Pipeline\\{closure}(Object(Illuminate\\Http\\Request))
#73 /home/forkomdi/jobs.ciptawiratirta.com/vendor/laravel/framework/src/Illuminate/Pipeline/Pipeline.php(167): App\\Http\\Middleware\\RedirectToInstaller->handle(Object(Illuminate\\Http\\Request), Object(Closure))
#74 /home/forkomdi/jobs.ciptawiratirta.com/vendor/laravel/framework/src/Illuminate/Pipeline/Pipeline.php(103): Illuminate\\Pipeline\\Pipeline->Illuminate\\Pipeline\\{closure}(Object(Illuminate\\Http\\Request))
#75 /home/forkomdi/jobs.ciptawiratirta.com/vendor/laravel/framework/src/Illuminate/Foundation/Http/Kernel.php(141): Illuminate\\Pipeline\\Pipeline->then(Object(Closure))
#76 /home/forkomdi/jobs.ciptawiratirta.com/vendor/laravel/framework/src/Illuminate/Foundation/Http/Kernel.php(110): Illuminate\\Foundation\\Http\\Kernel->sendRequestThroughRouter(Object(Illuminate\\Http\\Request))
#77 /home/forkomdi/jobs.ciptawiratirta.com/public/index.php(66): Illuminate\\Foundation\\Http\\Kernel->handle(Object(Illuminate\\Http\\Request))
#78 {main}

[previous exception] [object] (PDOException(code: 42S22): SQLSTATE[42S22]: Column not found: 1054 Unknown column 'business_name' in 'field list' at /home/forkomdi/jobs.ciptawiratirta.com/vendor/laravel/framework/src/Illuminate/Database/Connection.php:338)
[stacktrace]
#0 /home/forkomdi/jobs.ciptawiratirta.com/vendor/laravel/framework/src/Illuminate/Database/Connection.php(338): PDO->prepare('select `busines...')
#1 /home/forkomdi/jobs.ciptawiratirta.com/vendor/laravel/framework/src/Illuminate/Database/Connection.php(671): Illuminate\\Database\\Connection->Illuminate\\Database\\{closure}('select `busines...', Array)
#2 /home/forkomdi/jobs.ciptawiratirta.com/vendor/laravel/framework/src/Illuminate/Database/Connection.php(638): Illuminate\\Database\\Connection->runQueryCallback('select `busines...', Array, Object(Closure))
#3 /home/forkomdi/jobs.ciptawiratirta.com/vendor/laravel/framework/src/Illuminate/Database/Connection.php(346): Illuminate\\Database\\Connection->run('select `busines...', Array, Object(Closure))
#4 /home/forkomdi/jobs.ciptawiratirta.com/vendor/laravel/framework/src/Illuminate/Database/Query/Builder.php(2315): Illuminate\\Database\\Connection->select('select `busines...', Array, true)
#5 /home/forkomdi/jobs.ciptawiratirta.com/vendor/laravel/framework/src/Illuminate/Database/Query/Builder.php(2303): Illuminate\\Database\\Query\\Builder->runSelect()
#6 /home/forkomdi/jobs.ciptawiratirta.com/vendor/laravel/framework/src/Illuminate/Database/Query/Builder.php(2867): Illuminate\\Database\\Query\\Builder->Illuminate\\Database\\Query\\{closure}()
#7 /home/forkomdi/jobs.ciptawiratirta.com/vendor/laravel/framework/src/Illuminate/Database/Query/Builder.php(2304): Illuminate\\Database\\Query\\Builder->onceWithColumns(Array, Object(Closure))
#8 /home/forkomdi/jobs.ciptawiratirta.com/vendor/laravel/framework/src/Illuminate/Database/Eloquent/Builder.php(598): Illuminate\\Database\\Query\\Builder->get(Array)
#9 /home/forkomdi/jobs.ciptawiratirta.com/vendor/laravel/framework/src/Illuminate/Database/Eloquent/Builder.php(582): Illuminate\\Database\\Eloquent\\Builder->getModels(Array)
#10 /home/forkomdi/jobs.ciptawiratirta.com/modules/User/Exports/UserExport.php(29): Illuminate\\Database\\Eloquent\\Builder->get()
#11 /home/forkomdi/jobs.ciptawiratirta.com/vendor/maatwebsite/excel/src/Sheet.php(471): Modules\\User\\Exports\\UserExport->collection()
#12 /home/forkomdi/jobs.ciptawiratirta.com/vendor/maatwebsite/excel/src/Sheet.php(221): Maatwebsite\\Excel\\Sheet->fromCollection(Object(Modules\\User\\Exports\\UserExport))
#13 /home/forkomdi/jobs.ciptawiratirta.com/vendor/maatwebsite/excel/src/Writer.php(67): Maatwebsite\\Excel\\Sheet->export(Object(Modules\\User\\Exports\\UserExport))
#14 /home/forkomdi/jobs.ciptawiratirta.com/vendor/maatwebsite/excel/src/Excel.php(195): Maatwebsite\\Excel\\Writer->export(Object(Modules\\User\\Exports\\UserExport), 'Xlsx')
#15 /home/forkomdi/jobs.ciptawiratirta.com/vendor/maatwebsite/excel/src/Excel.php(84): Maatwebsite\\Excel\\Excel->export(Object(Modules\\User\\Exports\\UserExport), 'user-Jul-03-202...', 'Xlsx')
#16 /home/forkomdi/jobs.ciptawiratirta.com/vendor/maatwebsite/excel/src/Concerns/Exportable.php(30): Maatwebsite\\Excel\\Excel->download(Object(Modules\\User\\Exports\\UserExport), 'user-Jul-03-202...', NULL, Array)
#17 /home/forkomdi/jobs.ciptawiratirta.com/modules/User/Admin/UserController.php(481): Modules\\User\\Exports\\UserExport->download('user-Jul-03-202...')
#18 /home/forkomdi/jobs.ciptawiratirta.com/vendor/laravel/framework/src/Illuminate/Routing/Controller.php(54): Modules\\User\\Admin\\UserController->export()
#19 /home/forkomdi/jobs.ciptawiratirta.com/vendor/laravel/framework/src/Illuminate/Routing/ControllerDispatcher.php(45): Illuminate\\Routing\\Controller->callAction('export', Array)
#20 /home/forkomdi/jobs.ciptawiratirta.com/vendor/laravel/framework/src/Illuminate/Routing/Route.php(254): Illuminate\\Routing\\ControllerDispatcher->dispatch(Object(Illuminate\\Routing\\Route), Object(Modules\\User\\Admin\\UserController), 'export')
#21 /home/forkomdi/jobs.ciptawiratirta.com/vendor/laravel/framework/src/Illuminate/Routing/Route.php(197): Illuminate\\Routing\\Route->runController()
#22 /home/forkomdi/jobs.ciptawiratirta.com/vendor/laravel/framework/src/Illuminate/Routing/Router.php(695): Illuminate\\Routing\\Route->run()
#23 /home/forkomdi/jobs.ciptawiratirta.com/vendor/laravel/framework/src/Illuminate/Pipeline/Pipeline.php(128): Illuminate\\Routing\\Router->Illuminate\\Routing\\{closure}(Object(Illuminate\\Http\\Request))
#24 /home/forkomdi/jobs.ciptawiratirta.com/app/Http/Middleware/EnsureEmailIsVerified.php(33): Illuminate\\Pipeline\\Pipeline->Illuminate\\Pipeline\\{closure}(Object(Illuminate\\Http\\Request))
#25 /home/forkomdi/jobs.ciptawiratirta.com/vendor/laravel/framework/src/Illuminate/Pipeline/Pipeline.php(167): App\\Http\\Middleware\\EnsureEmailIsVerified->handle(Object(Illuminate\\Http\\Request), Object(Closure))
#26 /home/forkomdi/jobs.ciptawiratirta.com/app/Http/Middleware/Dashboard.php(22): Illuminate\\Pipeline\\Pipeline->Illuminate\\Pipeline\\{closure}(Object(Illuminate\\Http\\Request))
#27 /home/forkomdi/jobs.ciptawiratirta.com/vendor/laravel/framework/src/Illuminate/Pipeline/Pipeline.php(167): App\\Http\\Middleware\\Dashboard->handle(Object(Illuminate\\Http\\Request), Object(Closure))
#28 /home/forkomdi/jobs.ciptawiratirta.com/app/Http/Middleware/SetLanguageForAdmin.php(37): Illuminate\\Pipeline\\Pipeline->Illuminate\\Pipeline\\{closure}(Object(Illuminate\\Http\\Request))
#29 /home/forkomdi/jobs.ciptawiratirta.com/vendor/laravel/framework/src/Illuminate/Pipeline/Pipeline.php(167): App\\Http\\Middleware\\SetLanguageForAdmin->handle(Object(Illuminate\\Http\\Request), Object(Closure))
#30 /home/forkomdi/jobs.ciptawiratirta.com/app/Http/Middleware/SetCurrentCurrency.php(48): Illuminate\\Pipeline\\Pipeline->Illuminate\\Pipeline\\{closure}(Object(Illuminate\\Http\\Request))
#31 /home/forkomdi/jobs.ciptawiratirta.com/vendor/laravel/framework/src/Illuminate/Pipeline/Pipeline.php(167): App\\Http\\Middleware\\SetCurrentCurrency->handle(Object(Illuminate\\Http\\Request), Object(Closure))
#32 /home/forkomdi/jobs.ciptawiratirta.com/app/Http/Middleware/HideDebugbar.php(25): Illuminate\\Pipeline\\Pipeline->Illuminate\\Pipeline\\{closure}(Object(Illuminate\\Http\\Request))
#33 /home/forkomdi/jobs.ciptawiratirta.com/vendor/laravel/framework/src/Illuminate/Pipeline/Pipeline.php(167): App\\Http\\Middleware\\HideDebugbar->handle(Object(Illuminate\\Http\\Request), Object(Closure))
#34 /home/forkomdi/jobs.ciptawiratirta.com/app/Http/Middleware/RedirectForMultiLanguage.php(58): Illuminate\\Pipeline\\Pipeline->Illuminate\\Pipeline\\{closure}(Object(Illuminate\\Http\\Request))
#35 /home/forkomdi/jobs.ciptawiratirta.com/vendor/laravel/framework/src/Illuminate/Pipeline/Pipeline.php(167): App\\Http\\Middleware\\RedirectForMultiLanguage->handle(Object(Illuminate\\Http\\Request), Object(Closure))
#36 /home/forkomdi/jobs.ciptawiratirta.com/vendor/laravel/framework/src/Illuminate/Routing/Middleware/SubstituteBindings.php(50): Illuminate\\Pipeline\\Pipeline->Illuminate\\Pipeline\\{closure}(Object(Illuminate\\Http\\Request))
#37 /home/forkomdi/jobs.ciptawiratirta.com/vendor/laravel/framework/src/Illuminate/Pipeline/Pipeline.php(167): Illuminate\\Routing\\Middleware\\SubstituteBindings->handle(Object(Illuminate\\Http\\Request), Object(Closure))
#38 /home/forkomdi/jobs.ciptawiratirta.com/app/Http/Middleware/Authenticate.php(44): Illuminate\\Pipeline\\Pipeline->Illuminate\\Pipeline\\{closure}(Object(Illuminate\\Http\\Request))
#39 /home/forkomdi/jobs.ciptawiratirta.com/vendor/laravel/framework/src/Illuminate/Pipeline/Pipeline.php(167): App\\Http\\Middleware\\Authenticate->handle(Object(Illuminate\\Http\\Request), Object(Closure))
#40 /home/forkomdi/jobs.ciptawiratirta.com/vendor/laravel/framework/src/Illuminate/Foundation/Http/Middleware/VerifyCsrfToken.php(78): Illuminate\\Pipeline\\Pipeline->Illuminate\\Pipeline\\{closure}(Object(Illuminate\\Http\\Request))
#41 /home/forkomdi/jobs.ciptawiratirta.com/vendor/laravel/framework/src/Illuminate/Pipeline/Pipeline.php(167): Illuminate\\Foundation\\Http\\Middleware\\VerifyCsrfToken->handle(Object(Illuminate\\Http\\Request), Object(Closure))
#42 /home/forkomdi/jobs.ciptawiratirta.com/vendor/laravel/framework/src/Illuminate/View/Middleware/ShareErrorsFromSession.php(49): Illuminate\\Pipeline\\Pipeline->Illuminate\\Pipeline\\{closure}(Object(Illuminate\\Http\\Request))
#43 /home/forkomdi/jobs.ciptawiratirta.com/vendor/laravel/framework/src/Illuminate/Pipeline/Pipeline.php(167): Illuminate\\View\\Middleware\\ShareErrorsFromSession->handle(Object(Illuminate\\Http\\Request), Object(Closure))
#44 /home/forkomdi/jobs.ciptawiratirta.com/vendor/laravel/framework/src/Illuminate/Session/Middleware/StartSession.php(121): Illuminate\\Pipeline\\Pipeline->Illuminate\\Pipeline\\{closure}(Object(Illuminate\\Http\\Request))
#45 /home/forkomdi/jobs.ciptawiratirta.com/vendor/laravel/framework/src/Illuminate/Session/Middleware/StartSession.php(64): Illuminate\\Session\\Middleware\\StartSession->handleStatefulRequest(Object(Illuminate\\Http\\Request), Object(Illuminate\\Session\\Store), Object(Closure))
#46 /home/forkomdi/jobs.ciptawiratirta.com/vendor/laravel/framework/src/Illuminate/Pipeline/Pipeline.php(167): Illuminate\\Session\\Middleware\\StartSession->handle(Object(Illuminate\\Http\\Request), Object(Closure))
#47 /home/forkomdi/jobs.ciptawiratirta.com/vendor/laravel/framework/src/Illuminate/Cookie/Middleware/AddQueuedCookiesToResponse.php(37): Illuminate\\Pipeline\\Pipeline->Illuminate\\Pipeline\\{closure}(Object(Illuminate\\Http\\Request))
#48 /home/forkomdi/jobs.ciptawiratirta.com/vendor/laravel/framework/src/Illuminate/Pipeline/Pipeline.php(167): Illuminate\\Cookie\\Middleware\\AddQueuedCookiesToResponse->handle(Object(Illuminate\\Http\\Request), Object(Closure))
#49 /home/forkomdi/jobs.ciptawiratirta.com/vendor/laravel/framework/src/Illuminate/Cookie/Middleware/EncryptCookies.php(67): Illuminate\\Pipeline\\Pipeline->Illuminate\\Pipeline\\{closure}(Object(Illuminate\\Http\\Request))
#50 /home/forkomdi/jobs.ciptawiratirta.com/vendor/laravel/framework/src/Illuminate/Pipeline/Pipeline.php(167): Illuminate\\Cookie\\Middleware\\EncryptCookies->handle(Object(Illuminate\\Http\\Request), Object(Closure))
#51 /home/forkomdi/jobs.ciptawiratirta.com/vendor/laravel/framework/src/Illuminate/Pipeline/Pipeline.php(103): Illuminate\\Pipeline\\Pipeline->Illuminate\\Pipeline\\{closure}(Object(Illuminate\\Http\\Request))
#52 /home/forkomdi/jobs.ciptawiratirta.com/vendor/laravel/framework/src/Illuminate/Routing/Router.php(697): Illuminate\\Pipeline\\Pipeline->then(Object(Closure))
#53 /home/forkomdi/jobs.ciptawiratirta.com/vendor/laravel/framework/src/Illuminate/Routing/Router.php(672): Illuminate\\Routing\\Router->runRouteWithinStack(Object(Illuminate\\Routing\\Route), Object(Illuminate\\Http\\Request))
#54 /home/forkomdi/jobs.ciptawiratirta.com/vendor/laravel/framework/src/Illuminate/Routing/Router.php(636): Illuminate\\Routing\\Router->runRoute(Object(Illuminate\\Http\\Request), Object(Illuminate\\Routing\\Route))
#55 /home/forkomdi/jobs.ciptawiratirta.com/vendor/laravel/framework/src/Illuminate/Routing/Router.php(625): Illuminate\\Routing\\Router->dispatchToRoute(Object(Illuminate\\Http\\Request))
#56 /home/forkomdi/jobs.ciptawiratirta.com/vendor/laravel/framework/src/Illuminate/Foundation/Http/Kernel.php(166): Illuminate\\Routing\\Router->dispatch(Object(Illuminate\\Http\\Request))
#57 /home/forkomdi/jobs.ciptawiratirta.com/vendor/laravel/framework/src/Illuminate/Pipeline/Pipeline.php(128): Illuminate\\Foundation\\Http\\Kernel->Illuminate\\Foundation\\Http\\{closure}(Object(Illuminate\\Http\\Request))
#58 /home/forkomdi/jobs.ciptawiratirta.com/vendor/barryvdh/laravel-debugbar/src/Middleware/InjectDebugbar.php(60): Illuminate\\Pipeline\\Pipeline->Illuminate\\Pipeline\\{closure}(Object(Illuminate\\Http\\Request))
#59 /home/forkomdi/jobs.ciptawiratirta.com/vendor/laravel/framework/src/Illuminate/Pipeline/Pipeline.php(167): Barryvdh\\Debugbar\\Middleware\\InjectDebugbar->handle(Object(Illuminate\\Http\\Request), Object(Closure))
#60 /home/forkomdi/jobs.ciptawiratirta.com/app/Http/Middleware/RunUpdater.php(41): Illuminate\\Pipeline\\Pipeline->Illuminate\\Pipeline\\{closure}(Object(Illuminate\\Http\\Request))
#61 /home/forkomdi/jobs.ciptawiratirta.com/vendor/laravel/framework/src/Illuminate/Pipeline/Pipeline.php(167): App\\Http\\Middleware\\RunUpdater->handle(Object(Illuminate\\Http\\Request), Object(Closure))
#62 /home/forkomdi/jobs.ciptawiratirta.com/vendor/fideloper/proxy/src/TrustProxies.php(57): Illuminate\\Pipeline\\Pipeline->Illuminate\\Pipeline\\{closure}(Object(Illuminate\\Http\\Request))
#63 /home/forkomdi/jobs.ciptawiratirta.com/vendor/laravel/framework/src/Illuminate/Pipeline/Pipeline.php(167): Fideloper\\Proxy\\TrustProxies->handle(Object(Illuminate\\Http\\Request), Object(Closure))
#64 /home/forkomdi/jobs.ciptawiratirta.com/vendor/laravel/framework/src/Illuminate/Foundation/Http/Middleware/TransformsRequest.php(21): Illuminate\\Pipeline\\Pipeline->Illuminate\\Pipeline\\{closure}(Object(Illuminate\\Http\\Request))
#65 /home/forkomdi/jobs.ciptawiratirta.com/vendor/laravel/framework/src/Illuminate/Foundation/Http/Middleware/ConvertEmptyStringsToNull.php(31): Illuminate\\Foundation\\Http\\Middleware\\TransformsRequest->handle(Object(Illuminate\\Http\\Request), Object(Closure))
#66 /home/forkomdi/jobs.ciptawiratirta.com/vendor/laravel/framework/src/Illuminate/Pipeline/Pipeline.php(167): Illuminate\\Foundation\\Http\\Middleware\\ConvertEmptyStringsToNull->handle(Object(Illuminate\\Http\\Request), Object(Closure))
#67 /home/forkomdi/jobs.ciptawiratirta.com/vendor/laravel/framework/src/Illuminate/Foundation/Http/Middleware/TransformsRequest.php(21): Illuminate\\Pipeline\\Pipeline->Illuminate\\Pipeline\\{closure}(Object(Illuminate\\Http\\Request))
#68 /home/forkomdi/jobs.ciptawiratirta.com/vendor/laravel/framework/src/Illuminate/Foundation/Http/Middleware/TrimStrings.php(40): Illuminate\\Foundation\\Http\\Middleware\\TransformsRequest->handle(Object(Illuminate\\Http\\Request), Object(Closure))
#69 /home/forkomdi/jobs.ciptawiratirta.com/vendor/laravel/framework/src/Illuminate/Pipeline/Pipeline.php(167): Illuminate\\Foundation\\Http\\Middleware\\TrimStrings->handle(Object(Illuminate\\Http\\Request), Object(Closure))
#70 /home/forkomdi/jobs.ciptawiratirta.com/vendor/laravel/framework/src/Illuminate/Foundation/Http/Middleware/ValidatePostSize.php(27): Illuminate\\Pipeline\\Pipeline->Illuminate\\Pipeline\\{closure}(Object(Illuminate\\Http\\Request))
#71 /home/forkomdi/jobs.ciptawiratirta.com/vendor/laravel/framework/src/Illuminate/Pipeline/Pipeline.php(167): Illuminate\\Foundation\\Http\\Middleware\\ValidatePostSize->handle(Object(Illuminate\\Http\\Request), Object(Closure))
#72 /home/forkomdi/jobs.ciptawiratirta.com/vendor/laravel/framework/src/Illuminate/Foundation/Http/Middleware/PreventRequestsDuringMaintenance.php(86): Illuminate\\Pipeline\\Pipeline->Illuminate\\Pipeline\\{closure}(Object(Illuminate\\Http\\Request))
#73 /home/forkomdi/jobs.ciptawiratirta.com/vendor/laravel/framework/src/Illuminate/Pipeline/Pipeline.php(167): Illuminate\\Foundation\\Http\\Middleware\\PreventRequestsDuringMaintenance->handle(Object(Illuminate\\Http\\Request), Object(Closure))
#74 /home/forkomdi/jobs.ciptawiratirta.com/app/Http/Middleware/RedirectToInstaller.php(32): Illuminate\\Pipeline\\Pipeline->Illuminate\\Pipeline\\{closure}(Object(Illuminate\\Http\\Request))
#75 /home/forkomdi/jobs.ciptawiratirta.com/vendor/laravel/framework/src/Illuminate/Pipeline/Pipeline.php(167): App\\Http\\Middleware\\RedirectToInstaller->handle(Object(Illuminate\\Http\\Request), Object(Closure))
#76 /home/forkomdi/jobs.ciptawiratirta.com/vendor/laravel/framework/src/Illuminate/Pipeline/Pipeline.php(103): Illuminate\\Pipeline\\Pipeline->Illuminate\\Pipeline\\{closure}(Object(Illuminate\\Http\\Request))
#77 /home/forkomdi/jobs.ciptawiratirta.com/vendor/laravel/framework/src/Illuminate/Foundation/Http/Kernel.php(141): Illuminate\\Pipeline\\Pipeline->then(Object(Closure))
#78 /home/forkomdi/jobs.ciptawiratirta.com/vendor/laravel/framework/src/Illuminate/Foundation/Http/Kernel.php(110): Illuminate\\Foundation\\Http\\Kernel->sendRequestThroughRouter(Object(Illuminate\\Http\\Request))
#79 /home/forkomdi/jobs.ciptawiratirta.com/public/index.php(66): Illuminate\\Foundation\\Http\\Kernel->handle(Object(Illuminate\\Http\\Request))
#80 {main}
"} 
