[2022-07-15 14:42:22] laravel.EMERGENCY: Unable to create configured logger. Using emergency logger. {"exception":"[object] (Error(code: 0): Class \"Illuminate\\Support\\Collection\" not found at /Users/macbook/GitHub/superio200/vendor/laravel/framework/src/Illuminate/Collections/helpers.php:15)
[stacktrace]
#0 /Users/macbook/GitHub/superio200/vendor/laravel/framework/src/Illuminate/Log/LogManager.php(244): collect(Array)
#1 /Users/macbook/GitHub/superio200/vendor/laravel/framework/src/Illuminate/Log/LogManager.php(202): Illuminate\\Log\\LogManager->createStackDriver(Array)
#2 /Users/macbook/GitHub/superio200/vendor/laravel/framework/src/Illuminate/Log/LogManager.php(118): Illuminate\\Log\\LogManager->resolve('stack')
#3 /Users/macbook/GitHub/superio200/vendor/laravel/framework/src/Illuminate/Log/LogManager.php(98): Illuminate\\Log\\LogManager->get('stack')
#4 /Users/macbook/GitHub/superio200/vendor/laravel/framework/src/Illuminate/Log/LogManager.php(555): Illuminate\\Log\\LogManager->driver()
#5 /Users/macbook/GitHub/superio200/vendor/laravel/framework/src/Illuminate/Foundation/Exceptions/Handler.php(252): Illuminate\\Log\\LogManager->error('During inherita...', Array)
#6 /Users/macbook/GitHub/superio200/vendor/laravel/framework/src/Illuminate/Foundation/Bootstrap/HandleExceptions.php(88): Illuminate\\Foundation\\Exceptions\\Handler->report(Object(Symfony\\Component\\ErrorHandler\\Error\\FatalError))
#7 /Users/macbook/GitHub/superio200/vendor/laravel/framework/src/Illuminate/Foundation/Bootstrap/HandleExceptions.php(130): Illuminate\\Foundation\\Bootstrap\\HandleExceptions->handleException(Object(Symfony\\Component\\ErrorHandler\\Error\\FatalError))
#8 [internal function]: Illuminate\\Foundation\\Bootstrap\\HandleExceptions->handleShutdown()
#9 {main}
"} 
[2022-07-15 14:42:22] laravel.ERROR: During inheritance of ArrayAccess: Uncaught ErrorException: Return type of Illuminate\Support\Collection::offsetExists($key) should either be compatible with ArrayAccess::offsetExists(mixed $offset): bool, or the #[\ReturnTypeWillChange] attribute should be used to temporarily suppress the notice in /Users/macbook/GitHub/superio200/vendor/laravel/framework/src/Illuminate/Collections/Collection.php:1443
Stack trace:
#0 /Users/macbook/GitHub/superio200/vendor/laravel/framework/src/Illuminate/Collections/Collection.php(13): Illuminate\Foundation\Bootstrap\HandleExceptions->handleError(8192, 'Return type of ...', '/Users/macbook/...', 1443)
#1 /Users/macbook/GitHub/superio200/vendor/composer/ClassLoader.php(478): include('/Users/macbook/...')
#2 /Users/macbook/GitHub/superio200/vendor/composer/ClassLoader.php(346): Composer\Autoload\includeFile('/Users/macbook/...')
#3 /Users/macbook/GitHub/superio200/vendor/laravel/framework/src/Illuminate/Collections/helpers.php(15): Composer\Autoload\ClassLoader->loadClass('Illuminate\\Supp...')
#4 /Users/macbook/GitHub/superio200/vendor/laravel/framework/src/Illuminate/Foundation/PackageManifest.php(89): collect(Array)
#5 /Users/macbook/GitHub/superio200/vendor/laravel/framework/src/Illuminate/Foundation/PackageManifest.php(78): Illuminate\Foundation\PackageManifest->config('aliases')
#6 /Users/macbook/GitHub/superio200/vendor/laravel/framework/src/Illuminate/Foundation/Bootstrap/RegisterFacades.php(26): Illuminate\Foundation\PackageManifest->aliases()
#7 /Users/macbook/GitHub/superio200/vendor/laravel/framework/src/Illuminate/Foundation/Application.php(237): Illuminate\Foundation\Bootstrap\RegisterFacades->bootstrap(Object(Illuminate\Foundation\Application))
#8 /Users/macbook/GitHub/superio200/vendor/laravel/framework/src/Illuminate/Foundation/Console/Kernel.php(310): Illuminate\Foundation\Application->bootstrapWith(Array)
#9 /Users/macbook/GitHub/superio200/vendor/laravel/framework/src/Illuminate/Foundation/Console/Kernel.php(127): Illuminate\Foundation\Console\Kernel->bootstrap()
#10 /Users/macbook/GitHub/superio200/artisan(37): Illuminate\Foundation\Console\Kernel->handle(Object(Symfony\Component\Console\Input\ArgvInput), Object(Symfony\Component\Console\Output\ConsoleOutput))
#11 {main} {"exception":"[object] (Symfony\\Component\\ErrorHandler\\Error\\FatalError(code: 0): During inheritance of ArrayAccess: Uncaught ErrorException: Return type of Illuminate\\Support\\Collection::offsetExists($key) should either be compatible with ArrayAccess::offsetExists(mixed $offset): bool, or the #[\\ReturnTypeWillChange] attribute should be used to temporarily suppress the notice in /Users/macbook/GitHub/superio200/vendor/laravel/framework/src/Illuminate/Collections/Collection.php:1443
Stack trace:
#0 /Users/macbook/GitHub/superio200/vendor/laravel/framework/src/Illuminate/Collections/Collection.php(13): Illuminate\\Foundation\\Bootstrap\\HandleExceptions->handleError(8192, 'Return type of ...', '/Users/macbook/...', 1443)
#1 /Users/macbook/GitHub/superio200/vendor/composer/ClassLoader.php(478): include('/Users/macbook/...')
#2 /Users/macbook/GitHub/superio200/vendor/composer/ClassLoader.php(346): Composer\\Autoload\\includeFile('/Users/macbook/...')
#3 /Users/macbook/GitHub/superio200/vendor/laravel/framework/src/Illuminate/Collections/helpers.php(15): Composer\\Autoload\\ClassLoader->loadClass('Illuminate\\\\Supp...')
#4 /Users/macbook/GitHub/superio200/vendor/laravel/framework/src/Illuminate/Foundation/PackageManifest.php(89): collect(Array)
#5 /Users/macbook/GitHub/superio200/vendor/laravel/framework/src/Illuminate/Foundation/PackageManifest.php(78): Illuminate\\Foundation\\PackageManifest->config('aliases')
#6 /Users/macbook/GitHub/superio200/vendor/laravel/framework/src/Illuminate/Foundation/Bootstrap/RegisterFacades.php(26): Illuminate\\Foundation\\PackageManifest->aliases()
#7 /Users/macbook/GitHub/superio200/vendor/laravel/framework/src/Illuminate/Foundation/Application.php(237): Illuminate\\Foundation\\Bootstrap\\RegisterFacades->bootstrap(Object(Illuminate\\Foundation\\Application))
#8 /Users/macbook/GitHub/superio200/vendor/laravel/framework/src/Illuminate/Foundation/Console/Kernel.php(310): Illuminate\\Foundation\\Application->bootstrapWith(Array)
#9 /Users/macbook/GitHub/superio200/vendor/laravel/framework/src/Illuminate/Foundation/Console/Kernel.php(127): Illuminate\\Foundation\\Console\\Kernel->bootstrap()
#10 /Users/macbook/GitHub/superio200/artisan(37): Illuminate\\Foundation\\Console\\Kernel->handle(Object(Symfony\\Component\\Console\\Input\\ArgvInput), Object(Symfony\\Component\\Console\\Output\\ConsoleOutput))
#11 {main} at /Users/macbook/GitHub/superio200/vendor/laravel/framework/src/Illuminate/Collections/Collection.php:13)
[stacktrace]
#0 {main}
"} 
[2022-07-15 14:44:25] laravel.EMERGENCY: Unable to create configured logger. Using emergency logger. {"exception":"[object] (Error(code: 0): Class \"Illuminate\\Support\\Collection\" not found at /Users/macbook/GitHub/superio200/vendor/laravel/framework/src/Illuminate/Collections/helpers.php:15)
[stacktrace]
#0 /Users/macbook/GitHub/superio200/vendor/laravel/framework/src/Illuminate/Log/LogManager.php(244): collect(Array)
#1 /Users/macbook/GitHub/superio200/vendor/laravel/framework/src/Illuminate/Log/LogManager.php(202): Illuminate\\Log\\LogManager->createStackDriver(Array)
#2 /Users/macbook/GitHub/superio200/vendor/laravel/framework/src/Illuminate/Log/LogManager.php(118): Illuminate\\Log\\LogManager->resolve('stack')
#3 /Users/macbook/GitHub/superio200/vendor/laravel/framework/src/Illuminate/Log/LogManager.php(98): Illuminate\\Log\\LogManager->get('stack')
#4 /Users/macbook/GitHub/superio200/vendor/laravel/framework/src/Illuminate/Log/LogManager.php(555): Illuminate\\Log\\LogManager->driver()
#5 /Users/macbook/GitHub/superio200/vendor/laravel/framework/src/Illuminate/Foundation/Exceptions/Handler.php(252): Illuminate\\Log\\LogManager->error('During inherita...', Array)
#6 /Users/macbook/GitHub/superio200/vendor/laravel/framework/src/Illuminate/Foundation/Bootstrap/HandleExceptions.php(88): Illuminate\\Foundation\\Exceptions\\Handler->report(Object(Symfony\\Component\\ErrorHandler\\Error\\FatalError))
#7 /Users/macbook/GitHub/superio200/vendor/laravel/framework/src/Illuminate/Foundation/Bootstrap/HandleExceptions.php(130): Illuminate\\Foundation\\Bootstrap\\HandleExceptions->handleException(Object(Symfony\\Component\\ErrorHandler\\Error\\FatalError))
#8 [internal function]: Illuminate\\Foundation\\Bootstrap\\HandleExceptions->handleShutdown()
#9 {main}
"} 
[2022-07-15 14:44:25] laravel.ERROR: During inheritance of ArrayAccess: Uncaught ErrorException: Return type of Illuminate\Support\Collection::offsetExists($key) should either be compatible with ArrayAccess::offsetExists(mixed $offset): bool, or the #[\ReturnTypeWillChange] attribute should be used to temporarily suppress the notice in /Users/macbook/GitHub/superio200/vendor/laravel/framework/src/Illuminate/Collections/Collection.php:1443
Stack trace:
#0 /Users/macbook/GitHub/superio200/vendor/laravel/framework/src/Illuminate/Collections/Collection.php(13): Illuminate\Foundation\Bootstrap\HandleExceptions->handleError(8192, 'Return type of ...', '/Users/macbook/...', 1443)
#1 /Users/macbook/GitHub/superio200/vendor/composer/ClassLoader.php(478): include('/Users/macbook/...')
#2 /Users/macbook/GitHub/superio200/vendor/composer/ClassLoader.php(346): Composer\Autoload\includeFile('/Users/macbook/...')
#3 /Users/macbook/GitHub/superio200/vendor/laravel/framework/src/Illuminate/Collections/helpers.php(15): Composer\Autoload\ClassLoader->loadClass('Illuminate\\Supp...')
#4 /Users/macbook/GitHub/superio200/vendor/laravel/framework/src/Illuminate/Foundation/PackageManifest.php(89): collect(Array)
#5 /Users/macbook/GitHub/superio200/vendor/laravel/framework/src/Illuminate/Foundation/PackageManifest.php(78): Illuminate\Foundation\PackageManifest->config('aliases')
#6 /Users/macbook/GitHub/superio200/vendor/laravel/framework/src/Illuminate/Foundation/Bootstrap/RegisterFacades.php(26): Illuminate\Foundation\PackageManifest->aliases()
#7 /Users/macbook/GitHub/superio200/vendor/laravel/framework/src/Illuminate/Foundation/Application.php(237): Illuminate\Foundation\Bootstrap\RegisterFacades->bootstrap(Object(Illuminate\Foundation\Application))
#8 /Users/macbook/GitHub/superio200/vendor/laravel/framework/src/Illuminate/Foundation/Console/Kernel.php(310): Illuminate\Foundation\Application->bootstrapWith(Array)
#9 /Users/macbook/GitHub/superio200/vendor/laravel/framework/src/Illuminate/Foundation/Console/Kernel.php(127): Illuminate\Foundation\Console\Kernel->bootstrap()
#10 /Users/macbook/GitHub/superio200/artisan(37): Illuminate\Foundation\Console\Kernel->handle(Object(Symfony\Component\Console\Input\ArgvInput), Object(Symfony\Component\Console\Output\ConsoleOutput))
#11 {main} {"exception":"[object] (Symfony\\Component\\ErrorHandler\\Error\\FatalError(code: 0): During inheritance of ArrayAccess: Uncaught ErrorException: Return type of Illuminate\\Support\\Collection::offsetExists($key) should either be compatible with ArrayAccess::offsetExists(mixed $offset): bool, or the #[\\ReturnTypeWillChange] attribute should be used to temporarily suppress the notice in /Users/macbook/GitHub/superio200/vendor/laravel/framework/src/Illuminate/Collections/Collection.php:1443
Stack trace:
#0 /Users/macbook/GitHub/superio200/vendor/laravel/framework/src/Illuminate/Collections/Collection.php(13): Illuminate\\Foundation\\Bootstrap\\HandleExceptions->handleError(8192, 'Return type of ...', '/Users/macbook/...', 1443)
#1 /Users/macbook/GitHub/superio200/vendor/composer/ClassLoader.php(478): include('/Users/macbook/...')
#2 /Users/macbook/GitHub/superio200/vendor/composer/ClassLoader.php(346): Composer\\Autoload\\includeFile('/Users/macbook/...')
#3 /Users/macbook/GitHub/superio200/vendor/laravel/framework/src/Illuminate/Collections/helpers.php(15): Composer\\Autoload\\ClassLoader->loadClass('Illuminate\\\\Supp...')
#4 /Users/macbook/GitHub/superio200/vendor/laravel/framework/src/Illuminate/Foundation/PackageManifest.php(89): collect(Array)
#5 /Users/macbook/GitHub/superio200/vendor/laravel/framework/src/Illuminate/Foundation/PackageManifest.php(78): Illuminate\\Foundation\\PackageManifest->config('aliases')
#6 /Users/macbook/GitHub/superio200/vendor/laravel/framework/src/Illuminate/Foundation/Bootstrap/RegisterFacades.php(26): Illuminate\\Foundation\\PackageManifest->aliases()
#7 /Users/macbook/GitHub/superio200/vendor/laravel/framework/src/Illuminate/Foundation/Application.php(237): Illuminate\\Foundation\\Bootstrap\\RegisterFacades->bootstrap(Object(Illuminate\\Foundation\\Application))
#8 /Users/macbook/GitHub/superio200/vendor/laravel/framework/src/Illuminate/Foundation/Console/Kernel.php(310): Illuminate\\Foundation\\Application->bootstrapWith(Array)
#9 /Users/macbook/GitHub/superio200/vendor/laravel/framework/src/Illuminate/Foundation/Console/Kernel.php(127): Illuminate\\Foundation\\Console\\Kernel->bootstrap()
#10 /Users/macbook/GitHub/superio200/artisan(37): Illuminate\\Foundation\\Console\\Kernel->handle(Object(Symfony\\Component\\Console\\Input\\ArgvInput), Object(Symfony\\Component\\Console\\Output\\ConsoleOutput))
#11 {main} at /Users/macbook/GitHub/superio200/vendor/laravel/framework/src/Illuminate/Collections/Collection.php:13)
[stacktrace]
#0 {main}
"} 
